2018/08/02 11:51:06 config file read error: open vite.config.json: no such file or directory
2018/08/02 11:51:06 server created.
name: vite-server
network: TestNet
db: /Users/sisi/viteisbest/p2p
maxPeers: 100
maxPendingPeers: 20
maxActivePeers: 50
maxPassivePeers: 50
2018/08/02 11:51:06 self: vnode://ba10b4a549e955077b88f7cfd31e8f94ef28ee3c1945d5f96ac4e40c1b2dc1d7
ipcapiURL:  /Users/sisi/viteisbest/vite.ipc
2018/08/02 11:51:06 discv table begin refresh
2018/08/02 11:51:06 schedule tasks
2018/08/02 11:51:06 tcp listen at 0.0.0.0:8483
2018/08/02 11:51:06 create 6 tasks
2018/08/02 11:51:06 perform task *p2p.dialTask
2018/08/02 11:51:06 perform task *p2p.discoverTask
2018/08/02 11:51:06 perform task *p2p.dialTask
2018/08/02 11:51:06 perform task *p2p.dialTask
2018/08/02 11:51:06 tcp dial node vnode://087c45631c3ec9a5dbd1189084ee40c8c4c0f36731ef2c2cb7987da421d08ba9@150.109.104.203:8483
2018/08/02 11:51:06 tcp dial node vnode://7c6a2b920764b6dddbca05bb6efa1c9bcd90d894f6e9b107f137fc496c802346@150.109.101.200:8483
2018/08/02 11:51:06 tcp dial node vnode://2840979ae06833634764c19e72e6edbf39595ff268f558afb16af99895aba3d8@150.109.105.192:8483
2018/08/02 11:51:06 rpc.Register: method "String" has 1 input parameters; needs exactly three
2018/08/02 11:51:06 perform task *p2p.dialTask
2018/08/02 11:51:06 tcp dial node vnode://33e43481729850fc66cef7f42abebd8cb2f1c74f0b09a5bf03da34780a0a5606@119.28.228.117:8483
2018/08/02 11:51:06 rpc.Register: method "String" has 1 input parameters; needs exactly three
2018/08/02 11:51:06 rpc.Register: method "String" has 1 input parameters; needs exactly three
2018/08/02 11:51:06 rpc.Register: method "String" has 1 input parameters; needs exactly three
2018/08/02 11:51:06 perform task *p2p.dialTask
2018/08/02 11:51:06 tcp dial node vnode://7194af5b7032cb470c41b313e2675e2c3ba3377e66617247012b8d638552fb17@150.109.62.152:8483
2018/08/02 11:51:06 discover table load 5 seed nodes
2018/08/02 11:51:06 findnode ba10b4a549e955077b88f7cfd31e8f94ef28ee3c1945d5f96ac4e40c1b2dc1d7 to vnode://2840979ae06833634764c19e72e6edbf39595ff268f558afb16af99895aba3d8@150.109.105.192:8483
2018/08/02 11:51:06 send ping to vnode://2840979ae06833634764c19e72e6edbf39595ff268f558afb16af99895aba3d8@150.109.105.192:8483
2018/08/02 11:51:06 wating msg 2 from 2840979ae06833634764c19e72e6edbf39595ff268f558afb16af99895aba3d8 expire 2018-08-02 11:53:06.331584752 +0800 CST m=+120.019993450
2018/08/02 11:51:06 tcp dial node vnode://087c45631c3ec9a5dbd1189084ee40c8c4c0f36731ef2c2cb7987da421d08ba9@150.109.104.203:8483 error: dial tcp 150.109.104.203:8483: connect: connection refused
2018/08/02 11:51:06 block node: vnode://087c45631c3ec9a5dbd1189084ee40c8c4c0f36731ef2c2cb7987da421d08ba9@150.109.104.203:8483
2018/08/02 11:51:06 schedule tasks
2018/08/02 11:51:06 create 1 tasks
2018/08/02 11:51:06 schedule tasks
2018/08/02 11:51:06 perform task *p2p.waitTask
2018/08/02 11:51:06 create 0 tasks
2018/08/02 11:51:06 tcp dial node vnode://2840979ae06833634764c19e72e6edbf39595ff268f558afb16af99895aba3d8@150.109.105.192:8483 error: dial tcp 150.109.105.192:8483: connect: connection refused
2018/08/02 11:51:06 tcp dial node vnode://7c6a2b920764b6dddbca05bb6efa1c9bcd90d894f6e9b107f137fc496c802346@150.109.101.200:8483 error: dial tcp 150.109.101.200:8483: connect: connection refused
2018/08/02 11:51:06 block node: vnode://2840979ae06833634764c19e72e6edbf39595ff268f558afb16af99895aba3d8@150.109.105.192:8483
2018/08/02 11:51:06 schedule tasks
2018/08/02 11:51:06 create 0 tasks
2018/08/02 11:51:06 block node: vnode://7c6a2b920764b6dddbca05bb6efa1c9bcd90d894f6e9b107f137fc496c802346@150.109.101.200:8483
2018/08/02 11:51:06 schedule tasks
2018/08/02 11:51:06 create 0 tasks
2018/08/02 11:51:06 schedule tasks
2018/08/02 11:51:06 create 0 tasks
2018/08/02 11:51:06 schedule tasks
2018/08/02 11:51:06 create 0 tasks
2018/08/02 11:51:06 tcp dial node vnode://7194af5b7032cb470c41b313e2675e2c3ba3377e66617247012b8d638552fb17@150.109.62.152:8483 error: dial tcp 150.109.62.152:8483: connect: connection refused
2018/08/02 11:51:06 block node: vnode://7194af5b7032cb470c41b313e2675e2c3ba3377e66617247012b8d638552fb17@150.109.62.152:8483
2018/08/02 11:51:06 schedule tasks
2018/08/02 11:51:06 create 0 tasks
2018/08/02 11:51:06 schedule tasks
2018/08/02 11:51:06 create 0 tasks
2018/08/02 11:51:06 schedule tasks
2018/08/02 11:51:06 create 0 tasks
2018/08/02 11:51:06 schedule tasks
2018/08/02 11:51:06 create 0 tasks
2018/08/02 11:51:09 findnode 614dcc43ee433ea39aa3ce94be4021f7ae272559ad7ab66ab1fc857d8cda5c10 to vnode://2840979ae06833634764c19e72e6edbf39595ff268f558afb16af99895aba3d8@150.109.105.192:8483
2018/08/02 11:51:09 send msg 3 (102 bytes) to 150.109.105.192:8483
2018/08/02 11:51:09 wating msg 4 from 2840979ae06833634764c19e72e6edbf39595ff268f558afb16af99895aba3d8 expire 2018-08-02 11:53:09.329394646 +0800 CST m=+123.017797159
2018/08/02 11:51:09 schedule tasks
2018/08/02 11:51:09 create 0 tasks
2018/08/02 11:51:09 schedule tasks
2018/08/02 11:51:09 create 0 tasks
2018/08/02 11:51:11 schedule tasks
2018/08/02 11:51:11 create 0 tasks
2018/08/02 11:51:11 schedule tasks
2018/08/02 11:51:11 create 0 tasks
2018/08/02 11:51:13 schedule tasks
2018/08/02 11:51:13 create 0 tasks
2018/08/02 11:51:13 schedule tasks
2018/08/02 11:51:13 create 0 tasks
2018/08/02 11:51:15 schedule tasks
2018/08/02 11:51:15 create 0 tasks
2018/08/02 11:51:15 schedule tasks
2018/08/02 11:51:15 create 0 tasks
2018/08/02 11:51:16 tcp dial node vnode://33e43481729850fc66cef7f42abebd8cb2f1c74f0b09a5bf03da34780a0a5606@119.28.228.117:8483 error: dial tcp 119.28.228.117:8483: i/o timeout
2018/08/02 11:51:16 block node: vnode://33e43481729850fc66cef7f42abebd8cb2f1c74f0b09a5bf03da34780a0a5606@119.28.228.117:8483
2018/08/02 11:51:16 schedule tasks
2018/08/02 11:51:16 create 0 tasks
2018/08/02 11:51:16 schedule tasks
2018/08/02 11:51:16 create 0 tasks
2018/08/02 11:51:16 nat map error: no NAT found
2018/08/02 11:51:17 schedule tasks
2018/08/02 11:51:17 create 0 tasks
2018/08/02 11:51:17 schedule tasks
2018/08/02 11:51:17 create 0 tasks
2018/08/02 11:51:20 schedule tasks
2018/08/02 11:51:20 create 0 tasks
2018/08/02 11:51:20 schedule tasks
2018/08/02 11:51:20 create 0 tasks
2018/08/02 11:51:22 schedule tasks
2018/08/02 11:51:22 create 0 tasks
2018/08/02 11:51:22 schedule tasks
2018/08/02 11:51:22 create 0 tasks
2018/08/02 11:51:24 schedule tasks
2018/08/02 11:51:24 create 0 tasks
2018/08/02 11:51:24 schedule tasks
2018/08/02 11:51:24 create 0 tasks
2018/08/02 11:51:26 nat map error: no NAT found
2018/08/02 11:51:26 schedule tasks
2018/08/02 11:51:26 create 0 tasks
2018/08/02 11:51:26 schedule tasks
2018/08/02 11:51:26 create 0 tasks
2018/08/02 11:51:28 schedule tasks
2018/08/02 11:51:28 create 0 tasks
2018/08/02 11:51:28 schedule tasks
2018/08/02 11:51:28 create 0 tasks
2018/08/02 11:51:30 schedule tasks
2018/08/02 11:51:30 create 0 tasks
2018/08/02 11:51:30 schedule tasks
2018/08/02 11:51:30 create 0 tasks
2018/08/02 11:51:32 schedule tasks
2018/08/02 11:51:32 create 0 tasks
2018/08/02 11:51:32 schedule tasks
2018/08/02 11:51:32 create 0 tasks
2018/08/02 11:51:34 schedule tasks
2018/08/02 11:51:34 create 0 tasks
2018/08/02 11:51:34 schedule tasks
2018/08/02 11:51:34 create 0 tasks
2018/08/02 11:51:36 schedule tasks
2018/08/02 11:51:36 create 0 tasks
2018/08/02 11:51:36 schedule tasks
2018/08/02 11:51:36 create 0 tasks
2018/08/02 11:51:38 schedule tasks
2018/08/02 11:51:38 create 0 tasks
2018/08/02 11:51:38 schedule tasks
2018/08/02 11:51:38 create 0 tasks
2018/08/02 11:51:40 schedule tasks
2018/08/02 11:51:40 create 0 tasks
2018/08/02 11:51:40 schedule tasks
2018/08/02 11:51:40 create 0 tasks
2018/08/02 11:51:42 schedule tasks
2018/08/02 11:51:42 create 0 tasks
2018/08/02 11:51:42 schedule tasks
2018/08/02 11:51:42 create 0 tasks
2018/08/02 11:51:44 schedule tasks
2018/08/02 11:51:44 create 0 tasks
2018/08/02 11:51:44 schedule tasks
2018/08/02 11:51:44 create 0 tasks
2018/08/02 11:51:46 schedule tasks
2018/08/02 11:51:46 create 0 tasks
2018/08/02 11:51:46 schedule tasks
2018/08/02 11:51:46 create 0 tasks
2018/08/02 11:51:48 schedule tasks
2018/08/02 11:51:48 create 0 tasks
2018/08/02 11:51:48 schedule tasks
2018/08/02 11:51:48 create 0 tasks
receiver term sig
